<?xml version="1.0" encoding="UTF-8"?>
<coverage generated="1579235251328" clover="3.2.0">
  <project timestamp="1579235251328" name="All files">
    <metrics statements="118" coveredstatements="114" conditionals="24" coveredconditionals="23" methods="43" coveredmethods="39" elements="185" coveredelements="176" complexity="0" loc="118" ncloc="118" packages="6" files="7" classes="7">
      <package name="src">
        <metrics statements="7" coveredstatements="7" conditionals="2" coveredconditionals="2" methods="4" coveredmethods="4"/>
        <file name="index.js" path="/Users/donguofa/projects/mock-amplitude-sdk/src/index.js">
          <metrics statements="0" coveredstatements="0" conditionals="0" coveredconditionals="0" methods="0" coveredmethods="0"/>
        </file>
        <file name="setupTests.js" path="/Users/donguofa/projects/mock-amplitude-sdk/src/setupTests.js">
          <metrics statements="7" coveredstatements="7" conditionals="2" coveredconditionals="2" methods="4" coveredmethods="4"/>
          <line num="1" count="1" type="stmt"/>
          <line num="2" count="1" type="stmt"/>
          <line num="4" count="1" type="stmt"/>
          <line num="6" count="5" type="cond" truecount="2" falsecount="0"/>
          <line num="9" count="53" type="stmt"/>
          <line num="12" count="2" type="stmt"/>
          <line num="17" count="1" type="stmt"/>
        </file>
      </package>
      <package name="src.api">
        <metrics statements="19" coveredstatements="16" conditionals="0" coveredconditionals="0" methods="9" coveredmethods="6"/>
        <file name="AmplitudeAPI.js" path="/Users/donguofa/projects/mock-amplitude-sdk/src/api/AmplitudeAPI.js">
          <metrics statements="19" coveredstatements="16" conditionals="0" coveredconditionals="0" methods="9" coveredmethods="6"/>
          <line num="8" count="1" type="stmt"/>
          <line num="16" count="1" type="stmt"/>
          <line num="17" count="69" type="stmt"/>
          <line num="19" count="69" type="stmt"/>
          <line num="20" count="3" type="stmt"/>
          <line num="21" count="3" type="stmt"/>
          <line num="24" count="69" type="stmt"/>
          <line num="25" count="0" type="stmt"/>
          <line num="28" count="69" type="stmt"/>
          <line num="29" count="52" type="stmt"/>
          <line num="32" count="69" type="stmt"/>
          <line num="33" count="0" type="stmt"/>
          <line num="36" count="69" type="stmt"/>
          <line num="37" count="0" type="stmt"/>
          <line num="40" count="69" type="stmt"/>
          <line num="63" count="1" type="stmt"/>
          <line num="64" count="1" type="stmt"/>
          <line num="65" count="5" type="stmt"/>
          <line num="67" count="69" type="stmt"/>
        </file>
      </package>
      <package name="src.hooks">
        <metrics statements="63" coveredstatements="62" conditionals="14" coveredconditionals="13" methods="16" coveredmethods="15"/>
        <file name="useAmplitudeSDK.js" path="/Users/donguofa/projects/mock-amplitude-sdk/src/hooks/useAmplitudeSDK.js">
          <metrics statements="63" coveredstatements="62" conditionals="14" coveredconditionals="13" methods="16" coveredmethods="15"/>
          <line num="4" count="1" type="stmt"/>
          <line num="5" count="1" type="stmt"/>
          <line num="18" count="1" type="stmt"/>
          <line num="23" count="69" type="stmt"/>
          <line num="24" count="5" type="stmt"/>
          <line num="25" count="1" type="stmt"/>
          <line num="32" count="69" type="stmt"/>
          <line num="33" count="69" type="stmt"/>
          <line num="34" count="69" type="stmt"/>
          <line num="35" count="69" type="stmt"/>
          <line num="41" count="69" type="stmt"/>
          <line num="42" count="5" type="stmt"/>
          <line num="43" count="5" type="cond" truecount="2" falsecount="0"/>
          <line num="44" count="2" type="stmt"/>
          <line num="52" count="69" type="stmt"/>
          <line num="53" count="8" type="cond" truecount="2" falsecount="0"/>
          <line num="54" count="3" type="stmt"/>
          <line num="56" count="5" type="stmt"/>
          <line num="64" count="69" type="stmt"/>
          <line num="65" count="9" type="cond" truecount="4" falsecount="0"/>
          <line num="66" count="2" type="stmt"/>
          <line num="67" count="2" type="stmt"/>
          <line num="68" count="2" type="stmt"/>
          <line num="69" count="2" type="stmt"/>
          <line num="72" count="2" type="stmt"/>
          <line num="73" count="2" type="stmt"/>
          <line num="81" count="69" type="stmt"/>
          <line num="82" count="61" type="cond" truecount="2" falsecount="0"/>
          <line num="83" count="1" type="stmt"/>
          <line num="87" count="69" type="stmt"/>
          <line num="88" count="3" type="cond" truecount="1" falsecount="1"/>
          <line num="89" count="3" type="stmt"/>
          <line num="99" count="69" type="stmt"/>
          <line num="100" count="52" type="stmt"/>
          <line num="101" count="52" type="stmt"/>
          <line num="102" count="52" type="stmt"/>
          <line num="103" count="52" type="stmt"/>
          <line num="109" count="69" type="stmt"/>
          <line num="110" count="1" type="stmt"/>
          <line num="118" count="69" type="stmt"/>
          <line num="119" count="2" type="stmt"/>
          <line num="120" count="2" type="stmt"/>
          <line num="121" count="4" type="stmt"/>
          <line num="125" count="2" type="stmt"/>
          <line num="134" count="69" type="stmt"/>
          <line num="135" count="2" type="stmt"/>
          <line num="137" count="2" type="cond" truecount="2" falsecount="0"/>
          <line num="138" count="1" type="stmt"/>
          <line num="139" count="2" type="stmt"/>
          <line num="140" count="2" type="stmt"/>
          <line num="143" count="1" type="stmt"/>
          <line num="144" count="1" type="stmt"/>
          <line num="146" count="1" type="stmt"/>
          <line num="147" count="1" type="stmt"/>
          <line num="149" count="1" type="stmt"/>
          <line num="155" count="1" type="stmt"/>
          <line num="156" count="1" type="stmt"/>
          <line num="158" count="2" type="stmt"/>
          <line num="166" count="69" type="stmt"/>
          <line num="167" count="3" type="stmt"/>
          <line num="173" count="69" type="stmt"/>
          <line num="174" count="0" type="stmt"/>
          <line num="177" count="69" type="stmt"/>
        </file>
      </package>
      <package name="src.hooks.events">
        <metrics statements="8" coveredstatements="8" conditionals="4" coveredconditionals="4" methods="6" coveredmethods="6"/>
        <file name="Event.js" path="/Users/donguofa/projects/mock-amplitude-sdk/src/hooks/events/Event.js">
          <metrics statements="8" coveredstatements="8" conditionals="4" coveredconditionals="4" methods="6" coveredmethods="6"/>
          <line num="6" count="56" type="stmt"/>
          <line num="7" count="56" type="stmt"/>
          <line num="8" count="56" type="stmt"/>
          <line num="12" count="1340" type="stmt"/>
          <line num="16" count="1340" type="stmt"/>
          <line num="20" count="1340" type="cond" truecount="2" falsecount="0"/>
          <line num="24" count="1340" type="cond" truecount="2" falsecount="0"/>
          <line num="28" count="1340" type="stmt"/>
        </file>
      </package>
      <package name="src.tests">
        <metrics statements="15" coveredstatements="15" conditionals="2" coveredconditionals="2" methods="6" coveredmethods="6"/>
        <file name="TestComponent.js" path="/Users/donguofa/projects/mock-amplitude-sdk/src/tests/TestComponent.js">
          <metrics statements="15" coveredstatements="15" conditionals="2" coveredconditionals="2" methods="6" coveredmethods="6"/>
          <line num="9" count="1" type="stmt"/>
          <line num="15" count="72" type="stmt"/>
          <line num="17" count="72" type="stmt"/>
          <line num="19" count="72" type="stmt"/>
          <line num="20" count="3" type="stmt"/>
          <line num="23" count="72" type="stmt"/>
          <line num="24" count="1" type="stmt"/>
          <line num="27" count="72" type="stmt"/>
          <line num="28" count="51" type="stmt"/>
          <line num="31" count="72" type="stmt"/>
          <line num="32" count="3" type="stmt"/>
          <line num="33" count="3" type="stmt"/>
          <line num="36" count="72" type="stmt"/>
          <line num="63" count="1340" type="stmt"/>
          <line num="64" count="1340" type="stmt"/>
        </file>
      </package>
      <package name="src.utils">
        <metrics statements="6" coveredstatements="6" conditionals="2" coveredconditionals="2" methods="2" coveredmethods="2"/>
        <file name="generateUUID.js" path="/Users/donguofa/projects/mock-amplitude-sdk/src/utils/generateUUID.js">
          <metrics statements="6" coveredstatements="6" conditionals="2" coveredconditionals="2" methods="2" coveredmethods="2"/>
          <line num="2" count="59" type="stmt"/>
          <line num="3" count="59" type="stmt"/>
          <line num="6" count="1829" type="stmt"/>
          <line num="7" count="1829" type="stmt"/>
          <line num="8" count="1829" type="cond" truecount="2" falsecount="0"/>
          <line num="10" count="59" type="stmt"/>
        </file>
      </package>
    </metrics>
  </project>
</coverage>
