{"/Users/donguofa/projects/mock-amplitude-sdk/src/index.js": {"path":"/Users/donguofa/projects/mock-amplitude-sdk/src/index.js","statementMap":{},"fnMap":{},"branchMap":{},"s":{},"f":{},"b":{},"_coverageSchema":"332fd63041d2c1bcb487cc26dd0d5f7d97098a6c","hash":"b5bd7958b9b800b09089df2e60a63474a0346c70"}
,"/Users/donguofa/projects/mock-amplitude-sdk/src/setupTests.js": {"path":"/Users/donguofa/projects/mock-amplitude-sdk/src/setupTests.js","statementMap":{"0":{"start":{"line":1,"column":23},"end":{"line":15,"column":4}},"1":{"start":{"line":2,"column":14},"end":{"line":2,"column":16}},"2":{"start":{"line":4,"column":2},"end":{"line":14,"column":4}},"3":{"start":{"line":6,"column":6},"end":{"line":6,"column":32}},"4":{"start":{"line":9,"column":6},"end":{"line":9,"column":36}},"5":{"start":{"line":12,"column":6},"end":{"line":12,"column":24}},"6":{"start":{"line":17,"column":0},"end":{"line":19,"column":3}}},"fnMap":{"0":{"name":"(anonymous_0)","decl":{"start":{"line":1,"column":24},"end":{"line":1,"column":25}},"loc":{"start":{"line":1,"column":35},"end":{"line":15,"column":1}},"line":1},"1":{"name":"(anonymous_1)","decl":{"start":{"line":5,"column":13},"end":{"line":5,"column":14}},"loc":{"start":{"line":5,"column":27},"end":{"line":7,"column":5}},"line":5},"2":{"name":"(anonymous_2)","decl":{"start":{"line":8,"column":13},"end":{"line":8,"column":14}},"loc":{"start":{"line":8,"column":34},"end":{"line":10,"column":5}},"line":8},"3":{"name":"(anonymous_3)","decl":{"start":{"line":11,"column":16},"end":{"line":11,"column":17}},"loc":{"start":{"line":11,"column":30},"end":{"line":13,"column":5}},"line":11}},"branchMap":{"0":{"loc":{"start":{"line":6,"column":13},"end":{"line":6,"column":31}},"type":"binary-expr","locations":[{"start":{"line":6,"column":13},"end":{"line":6,"column":23}},{"start":{"line":6,"column":27},"end":{"line":6,"column":31}}],"line":6}},"s":{"0":1,"1":1,"2":1,"3":5,"4":53,"5":2,"6":1},"f":{"0":1,"1":5,"2":53,"3":2},"b":{"0":[5,3]},"_coverageSchema":"332fd63041d2c1bcb487cc26dd0d5f7d97098a6c","hash":"50a74fccc6a7871ca1d84ed4acfb37ab52078e2d"}
,"/Users/donguofa/projects/mock-amplitude-sdk/src/api/AmplitudeAPI.js": {"path":"/Users/donguofa/projects/mock-amplitude-sdk/src/api/AmplitudeAPI.js","statementMap":{"0":{"start":{"line":8,"column":32},"end":{"line":8,"column":47}},"1":{"start":{"line":16,"column":33},"end":{"line":55,"column":1}},"2":{"start":{"line":17,"column":87},"end":{"line":17,"column":104}},"3":{"start":{"line":19,"column":29},"end":{"line":22,"column":3}},"4":{"start":{"line":20,"column":4},"end":{"line":20,"column":29}},"5":{"start":{"line":21,"column":4},"end":{"line":21,"column":16}},"6":{"start":{"line":24,"column":27},"end":{"line":26,"column":3}},"7":{"start":{"line":25,"column":4},"end":{"line":25,"column":19}},"8":{"start":{"line":28,"column":25},"end":{"line":30,"column":3}},"9":{"start":{"line":29,"column":4},"end":{"line":29,"column":41}},"10":{"start":{"line":32,"column":25},"end":{"line":34,"column":3}},"11":{"start":{"line":33,"column":4},"end":{"line":33,"column":26}},"12":{"start":{"line":36,"column":22},"end":{"line":38,"column":3}},"13":{"start":{"line":37,"column":4},"end":{"line":37,"column":21}},"14":{"start":{"line":40,"column":2},"end":{"line":54,"column":4}},"15":{"start":{"line":63,"column":36},"end":{"line":71,"column":1}},"16":{"start":{"line":64,"column":2},"end":{"line":70,"column":4}},"17":{"start":{"line":65,"column":4},"end":{"line":69,"column":6}},"18":{"start":{"line":67,"column":18},"end":{"line":67,"column":58}}},"fnMap":{"0":{"name":"(anonymous_0)","decl":{"start":{"line":16,"column":33},"end":{"line":16,"column":34}},"loc":{"start":{"line":16,"column":42},"end":{"line":55,"column":1}},"line":16},"1":{"name":"(anonymous_1)","decl":{"start":{"line":19,"column":29},"end":{"line":19,"column":30}},"loc":{"start":{"line":19,"column":39},"end":{"line":22,"column":3}},"line":19},"2":{"name":"(anonymous_2)","decl":{"start":{"line":24,"column":27},"end":{"line":24,"column":28}},"loc":{"start":{"line":24,"column":33},"end":{"line":26,"column":3}},"line":24},"3":{"name":"(anonymous_3)","decl":{"start":{"line":28,"column":25},"end":{"line":28,"column":26}},"loc":{"start":{"line":28,"column":57},"end":{"line":30,"column":3}},"line":28},"4":{"name":"(anonymous_4)","decl":{"start":{"line":32,"column":25},"end":{"line":32,"column":26}},"loc":{"start":{"line":32,"column":31},"end":{"line":34,"column":3}},"line":32},"5":{"name":"(anonymous_5)","decl":{"start":{"line":36,"column":22},"end":{"line":36,"column":23}},"loc":{"start":{"line":36,"column":28},"end":{"line":38,"column":3}},"line":36},"6":{"name":"(anonymous_6)","decl":{"start":{"line":63,"column":36},"end":{"line":63,"column":37}},"loc":{"start":{"line":63,"column":49},"end":{"line":71,"column":1}},"line":63},"7":{"name":"WrapperComponent","decl":{"start":{"line":64,"column":18},"end":{"line":64,"column":34}},"loc":{"start":{"line":64,"column":42},"end":{"line":70,"column":3}},"line":64},"8":{"name":"(anonymous_8)","decl":{"start":{"line":67,"column":9},"end":{"line":67,"column":10}},"loc":{"start":{"line":67,"column":18},"end":{"line":67,"column":58}},"line":67}},"branchMap":{},"s":{"0":1,"1":1,"2":69,"3":69,"4":3,"5":3,"6":69,"7":0,"8":69,"9":52,"10":69,"11":0,"12":69,"13":0,"14":69,"15":1,"16":1,"17":5,"18":69},"f":{"0":69,"1":3,"2":0,"3":52,"4":0,"5":0,"6":1,"7":5,"8":69},"b":{},"_coverageSchema":"332fd63041d2c1bcb487cc26dd0d5f7d97098a6c","hash":"9c06202ccefcd1c1765807f82d0c0b953dede129"}
,"/Users/donguofa/projects/mock-amplitude-sdk/src/hooks/useAmplitudeSDK.js": {"path":"/Users/donguofa/projects/mock-amplitude-sdk/src/hooks/useAmplitudeSDK.js","statementMap":{"0":{"start":{"line":4,"column":23},"end":{"line":4,"column":32}},"1":{"start":{"line":5,"column":32},"end":{"line":5,"column":33}},"2":{"start":{"line":18,"column":24},"end":{"line":185,"column":1}},"3":{"start":{"line":23,"column":21},"end":{"line":27,"column":3}},"4":{"start":{"line":24,"column":4},"end":{"line":26,"column":23}},"5":{"start":{"line":25,"column":6},"end":{"line":25,"column":23}},"6":{"start":{"line":32,"column":30},"end":{"line":32,"column":42}},"7":{"start":{"line":33,"column":28},"end":{"line":33,"column":43}},"8":{"start":{"line":34,"column":30},"end":{"line":34,"column":42}},"9":{"start":{"line":35,"column":28},"end":{"line":35,"column":42}},"10":{"start":{"line":41,"column":2},"end":{"line":46,"column":9}},"11":{"start":{"line":42,"column":21},"end":{"line":42,"column":61}},"12":{"start":{"line":43,"column":4},"end":{"line":45,"column":5}},"13":{"start":{"line":44,"column":6},"end":{"line":44,"column":46}},"14":{"start":{"line":52,"column":2},"end":{"line":58,"column":15}},"15":{"start":{"line":53,"column":4},"end":{"line":57,"column":5}},"16":{"start":{"line":54,"column":6},"end":{"line":54,"column":29}},"17":{"start":{"line":56,"column":6},"end":{"line":56,"column":27}},"18":{"start":{"line":64,"column":2},"end":{"line":75,"column":14}},"19":{"start":{"line":65,"column":4},"end":{"line":74,"column":5}},"20":{"start":{"line":66,"column":6},"end":{"line":66,"column":29}},"21":{"start":{"line":67,"column":6},"end":{"line":67,"column":22}},"22":{"start":{"line":68,"column":6},"end":{"line":68,"column":50}},"23":{"start":{"line":69,"column":6},"end":{"line":69,"column":20}},"24":{"start":{"line":72,"column":6},"end":{"line":72,"column":27}},"25":{"start":{"line":73,"column":6},"end":{"line":73,"column":29}},"26":{"start":{"line":81,"column":2},"end":{"line":85,"column":15}},"27":{"start":{"line":82,"column":4},"end":{"line":84,"column":5}},"28":{"start":{"line":83,"column":6},"end":{"line":83,"column":21}},"29":{"start":{"line":87,"column":27},"end":{"line":91,"column":3}},"30":{"start":{"line":88,"column":4},"end":{"line":90,"column":5}},"31":{"start":{"line":89,"column":6},"end":{"line":89,"column":21}},"32":{"start":{"line":99,"column":19},"end":{"line":104,"column":3}},"33":{"start":{"line":100,"column":18},"end":{"line":100,"column":55}},"34":{"start":{"line":101,"column":22},"end":{"line":101,"column":40}},"35":{"start":{"line":102,"column":4},"end":{"line":102,"column":25}},"36":{"start":{"line":103,"column":4},"end":{"line":103,"column":72}},"37":{"start":{"line":109,"column":25},"end":{"line":111,"column":3}},"38":{"start":{"line":110,"column":4},"end":{"line":110,"column":19}},"39":{"start":{"line":118,"column":26},"end":{"line":126,"column":3}},"40":{"start":{"line":119,"column":25},"end":{"line":119,"column":27}},"41":{"start":{"line":120,"column":4},"end":{"line":124,"column":7}},"42":{"start":{"line":121,"column":6},"end":{"line":123,"column":8}},"43":{"start":{"line":125,"column":4},"end":{"line":125,"column":33}},"44":{"start":{"line":134,"column":31},"end":{"line":159,"column":3}},"45":{"start":{"line":135,"column":4},"end":{"line":135,"column":66}},"46":{"start":{"line":137,"column":4},"end":{"line":157,"column":5}},"47":{"start":{"line":138,"column":6},"end":{"line":141,"column":9}},"48":{"start":{"line":139,"column":8},"end":{"line":139,"column":55}},"49":{"start":{"line":140,"column":8},"end":{"line":140,"column":27}},"50":{"start":{"line":143,"column":25},"end":{"line":143,"column":34}},"51":{"start":{"line":144,"column":24},"end":{"line":144,"column":49}},"52":{"start":{"line":146,"column":6},"end":{"line":146,"column":29}},"53":{"start":{"line":147,"column":6},"end":{"line":147,"column":30}},"54":{"start":{"line":149,"column":6},"end":{"line":153,"column":8}},"55":{"start":{"line":155,"column":6},"end":{"line":155,"column":55}},"56":{"start":{"line":156,"column":6},"end":{"line":156,"column":29}},"57":{"start":{"line":158,"column":4},"end":{"line":158,"column":18}},"58":{"start":{"line":166,"column":24},"end":{"line":168,"column":3}},"59":{"start":{"line":167,"column":4},"end":{"line":167,"column":16}},"60":{"start":{"line":173,"column":23},"end":{"line":175,"column":3}},"61":{"start":{"line":174,"column":4},"end":{"line":174,"column":18}},"62":{"start":{"line":177,"column":2},"end":{"line":184,"column":4}}},"fnMap":{"0":{"name":"(anonymous_0)","decl":{"start":{"line":18,"column":24},"end":{"line":18,"column":25}},"loc":{"start":{"line":18,"column":30},"end":{"line":185,"column":1}},"line":18},"1":{"name":"(anonymous_1)","decl":{"start":{"line":23,"column":21},"end":{"line":23,"column":22}},"loc":{"start":{"line":23,"column":27},"end":{"line":27,"column":3}},"line":23},"2":{"name":"(anonymous_2)","decl":{"start":{"line":24,"column":23},"end":{"line":24,"column":24}},"loc":{"start":{"line":24,"column":29},"end":{"line":26,"column":5}},"line":24},"3":{"name":"(anonymous_3)","decl":{"start":{"line":41,"column":12},"end":{"line":41,"column":13}},"loc":{"start":{"line":41,"column":18},"end":{"line":46,"column":3}},"line":41},"4":{"name":"(anonymous_4)","decl":{"start":{"line":52,"column":12},"end":{"line":52,"column":13}},"loc":{"start":{"line":52,"column":18},"end":{"line":58,"column":3}},"line":52},"5":{"name":"(anonymous_5)","decl":{"start":{"line":64,"column":12},"end":{"line":64,"column":13}},"loc":{"start":{"line":64,"column":18},"end":{"line":75,"column":3}},"line":64},"6":{"name":"(anonymous_6)","decl":{"start":{"line":81,"column":12},"end":{"line":81,"column":13}},"loc":{"start":{"line":81,"column":18},"end":{"line":85,"column":3}},"line":81},"7":{"name":"(anonymous_7)","decl":{"start":{"line":87,"column":27},"end":{"line":87,"column":28}},"loc":{"start":{"line":87,"column":34},"end":{"line":91,"column":3}},"line":87},"8":{"name":"(anonymous_8)","decl":{"start":{"line":99,"column":19},"end":{"line":99,"column":20}},"loc":{"start":{"line":99,"column":51},"end":{"line":104,"column":3}},"line":99},"9":{"name":"(anonymous_9)","decl":{"start":{"line":109,"column":25},"end":{"line":109,"column":26}},"loc":{"start":{"line":109,"column":31},"end":{"line":111,"column":3}},"line":109},"10":{"name":"(anonymous_10)","decl":{"start":{"line":118,"column":26},"end":{"line":118,"column":27}},"loc":{"start":{"line":118,"column":40},"end":{"line":126,"column":3}},"line":118},"11":{"name":"(anonymous_11)","decl":{"start":{"line":120,"column":23},"end":{"line":120,"column":24}},"loc":{"start":{"line":120,"column":38},"end":{"line":124,"column":5}},"line":120},"12":{"name":"(anonymous_12)","decl":{"start":{"line":134,"column":31},"end":{"line":134,"column":32}},"loc":{"start":{"line":134,"column":37},"end":{"line":159,"column":3}},"line":134},"13":{"name":"(anonymous_13)","decl":{"start":{"line":138,"column":21},"end":{"line":138,"column":22}},"loc":{"start":{"line":138,"column":39},"end":{"line":141,"column":7}},"line":138},"14":{"name":"(anonymous_14)","decl":{"start":{"line":166,"column":24},"end":{"line":166,"column":25}},"loc":{"start":{"line":166,"column":31},"end":{"line":168,"column":3}},"line":166},"15":{"name":"(anonymous_15)","decl":{"start":{"line":173,"column":23},"end":{"line":173,"column":24}},"loc":{"start":{"line":173,"column":29},"end":{"line":175,"column":3}},"line":173}},"branchMap":{"0":{"loc":{"start":{"line":43,"column":4},"end":{"line":45,"column":5}},"type":"if","locations":[{"start":{"line":43,"column":4},"end":{"line":45,"column":5}},{"start":{"line":43,"column":4},"end":{"line":45,"column":5}}],"line":43},"1":{"loc":{"start":{"line":53,"column":4},"end":{"line":57,"column":5}},"type":"if","locations":[{"start":{"line":53,"column":4},"end":{"line":57,"column":5}},{"start":{"line":53,"column":4},"end":{"line":57,"column":5}}],"line":53},"2":{"loc":{"start":{"line":65,"column":4},"end":{"line":74,"column":5}},"type":"if","locations":[{"start":{"line":65,"column":4},"end":{"line":74,"column":5}},{"start":{"line":65,"column":4},"end":{"line":74,"column":5}}],"line":65},"3":{"loc":{"start":{"line":65,"column":8},"end":{"line":65,"column":35}},"type":"binary-expr","locations":[{"start":{"line":65,"column":8},"end":{"line":65,"column":13}},{"start":{"line":65,"column":17},"end":{"line":65,"column":35}}],"line":65},"4":{"loc":{"start":{"line":82,"column":4},"end":{"line":84,"column":5}},"type":"if","locations":[{"start":{"line":82,"column":4},"end":{"line":84,"column":5}},{"start":{"line":82,"column":4},"end":{"line":84,"column":5}}],"line":82},"5":{"loc":{"start":{"line":88,"column":4},"end":{"line":90,"column":5}},"type":"if","locations":[{"start":{"line":88,"column":4},"end":{"line":90,"column":5}},{"start":{"line":88,"column":4},"end":{"line":90,"column":5}}],"line":88},"6":{"loc":{"start":{"line":137,"column":4},"end":{"line":157,"column":5}},"type":"if","locations":[{"start":{"line":137,"column":4},"end":{"line":157,"column":5}},{"start":{"line":137,"column":4},"end":{"line":157,"column":5}}],"line":137}},"s":{"0":1,"1":1,"2":1,"3":69,"4":5,"5":1,"6":69,"7":69,"8":69,"9":69,"10":69,"11":5,"12":5,"13":2,"14":69,"15":8,"16":3,"17":5,"18":69,"19":9,"20":2,"21":2,"22":2,"23":2,"24":2,"25":2,"26":69,"27":61,"28":1,"29":69,"30":3,"31":3,"32":69,"33":52,"34":52,"35":52,"36":52,"37":69,"38":1,"39":69,"40":2,"41":2,"42":4,"43":2,"44":69,"45":2,"46":2,"47":1,"48":2,"49":2,"50":1,"51":1,"52":1,"53":1,"54":1,"55":1,"56":1,"57":2,"58":69,"59":3,"60":69,"61":0,"62":69},"f":{"0":69,"1":5,"2":1,"3":5,"4":8,"5":9,"6":61,"7":3,"8":52,"9":1,"10":2,"11":4,"12":2,"13":2,"14":3,"15":0},"b":{"0":[2,3],"1":[3,5],"2":[2,7],"3":[9,2],"4":[1,60],"5":[3,0],"6":[1,1]},"_coverageSchema":"332fd63041d2c1bcb487cc26dd0d5f7d97098a6c","hash":"38ba438224e6ec592f04e580b1f3d5790014aeb6"}
,"/Users/donguofa/projects/mock-amplitude-sdk/src/hooks/events/Event.js": {"path":"/Users/donguofa/projects/mock-amplitude-sdk/src/hooks/events/Event.js","statementMap":{"0":{"start":{"line":6,"column":4},"end":{"line":6,"column":35}},"1":{"start":{"line":7,"column":4},"end":{"line":7,"column":32}},"2":{"start":{"line":8,"column":4},"end":{"line":8,"column":44}},"3":{"start":{"line":12,"column":4},"end":{"line":12,"column":25}},"4":{"start":{"line":16,"column":4},"end":{"line":16,"column":27}},"5":{"start":{"line":20,"column":4},"end":{"line":20,"column":77}},"6":{"start":{"line":24,"column":4},"end":{"line":24,"column":79}},"7":{"start":{"line":28,"column":4},"end":{"line":28,"column":33}}},"fnMap":{"0":{"name":"(anonymous_0)","decl":{"start":{"line":5,"column":2},"end":{"line":5,"column":3}},"loc":{"start":{"line":5,"column":42},"end":{"line":9,"column":3}},"line":5},"1":{"name":"(anonymous_1)","decl":{"start":{"line":11,"column":2},"end":{"line":11,"column":3}},"loc":{"start":{"line":11,"column":15},"end":{"line":13,"column":3}},"line":11},"2":{"name":"(anonymous_2)","decl":{"start":{"line":15,"column":2},"end":{"line":15,"column":3}},"loc":{"start":{"line":15,"column":17},"end":{"line":17,"column":3}},"line":15},"3":{"name":"(anonymous_3)","decl":{"start":{"line":19,"column":2},"end":{"line":19,"column":3}},"loc":{"start":{"line":19,"column":27},"end":{"line":21,"column":3}},"line":19},"4":{"name":"(anonymous_4)","decl":{"start":{"line":23,"column":2},"end":{"line":23,"column":3}},"loc":{"start":{"line":23,"column":29},"end":{"line":25,"column":3}},"line":23},"5":{"name":"(anonymous_5)","decl":{"start":{"line":27,"column":2},"end":{"line":27,"column":3}},"loc":{"start":{"line":27,"column":23},"end":{"line":29,"column":3}},"line":27}},"branchMap":{"0":{"loc":{"start":{"line":20,"column":11},"end":{"line":20,"column":76}},"type":"cond-expr","locations":[{"start":{"line":20,"column":35},"end":{"line":20,"column":69}},{"start":{"line":20,"column":72},"end":{"line":20,"column":76}}],"line":20},"1":{"loc":{"start":{"line":24,"column":11},"end":{"line":24,"column":78}},"type":"cond-expr","locations":[{"start":{"line":24,"column":35},"end":{"line":24,"column":71}},{"start":{"line":24,"column":74},"end":{"line":24,"column":78}}],"line":24}},"s":{"0":56,"1":56,"2":56,"3":1340,"4":1340,"5":1340,"6":1340,"7":1340},"f":{"0":56,"1":1340,"2":1340,"3":1340,"4":1340,"5":1340},"b":{"0":[2,1338],"1":[2,1338]},"_coverageSchema":"332fd63041d2c1bcb487cc26dd0d5f7d97098a6c","hash":"59f2be2f31537dedcfac7cc8e787e4a1d19093e2"}
,"/Users/donguofa/projects/mock-amplitude-sdk/src/tests/TestComponent.js": {"path":"/Users/donguofa/projects/mock-amplitude-sdk/src/tests/TestComponent.js","statementMap":{"0":{"start":{"line":9,"column":22},"end":{"line":81,"column":1}},"1":{"start":{"line":15,"column":6},"end":{"line":15,"column":19}},"2":{"start":{"line":17,"column":38},"end":{"line":17,"column":50}},"3":{"start":{"line":19,"column":29},"end":{"line":21,"column":3}},"4":{"start":{"line":20,"column":4},"end":{"line":20,"column":35}},"5":{"start":{"line":23,"column":39},"end":{"line":25,"column":3}},"6":{"start":{"line":24,"column":4},"end":{"line":24,"column":59}},"7":{"start":{"line":27,"column":25},"end":{"line":29,"column":3}},"8":{"start":{"line":28,"column":4},"end":{"line":28,"column":33}},"9":{"start":{"line":31,"column":28},"end":{"line":34,"column":3}},"10":{"start":{"line":32,"column":19},"end":{"line":32,"column":33}},"11":{"start":{"line":33,"column":4},"end":{"line":33,"column":26}},"12":{"start":{"line":36,"column":2},"end":{"line":80,"column":4}},"13":{"start":{"line":63,"column":19},"end":{"line":63,"column":37}},"14":{"start":{"line":64,"column":8},"end":{"line":77,"column":10}}},"fnMap":{"0":{"name":"(anonymous_0)","decl":{"start":{"line":9,"column":22},"end":{"line":9,"column":23}},"loc":{"start":{"line":9,"column":31},"end":{"line":81,"column":1}},"line":9},"1":{"name":"(anonymous_1)","decl":{"start":{"line":19,"column":29},"end":{"line":19,"column":30}},"loc":{"start":{"line":19,"column":35},"end":{"line":21,"column":3}},"line":19},"2":{"name":"(anonymous_2)","decl":{"start":{"line":23,"column":39},"end":{"line":23,"column":40}},"loc":{"start":{"line":23,"column":45},"end":{"line":25,"column":3}},"line":23},"3":{"name":"(anonymous_3)","decl":{"start":{"line":27,"column":25},"end":{"line":27,"column":26}},"loc":{"start":{"line":27,"column":31},"end":{"line":29,"column":3}},"line":27},"4":{"name":"(anonymous_4)","decl":{"start":{"line":31,"column":28},"end":{"line":31,"column":29}},"loc":{"start":{"line":31,"column":34},"end":{"line":34,"column":3}},"line":31},"5":{"name":"(anonymous_5)","decl":{"start":{"line":62,"column":18},"end":{"line":62,"column":19}},"loc":{"start":{"line":62,"column":27},"end":{"line":78,"column":7}},"line":62}},"branchMap":{"0":{"loc":{"start":{"line":46,"column":7},"end":{"line":52,"column":7}},"type":"cond-expr","locations":[{"start":{"line":47,"column":8},"end":{"line":47,"column":49}},{"start":{"line":49,"column":8},"end":{"line":51,"column":14}}],"line":46}},"s":{"0":1,"1":72,"2":72,"3":72,"4":3,"5":72,"6":1,"7":72,"8":51,"9":72,"10":3,"11":3,"12":72,"13":1340,"14":1340},"f":{"0":72,"1":3,"2":1,"3":51,"4":3,"5":1340},"b":{"0":[62,10]},"_coverageSchema":"332fd63041d2c1bcb487cc26dd0d5f7d97098a6c","hash":"2748d539e21f191f106c2301f9200e9e3ca25cea"}
,"/Users/donguofa/projects/mock-amplitude-sdk/src/utils/generateUUID.js": {"path":"/Users/donguofa/projects/mock-amplitude-sdk/src/utils/generateUUID.js","statementMap":{"0":{"start":{"line":2,"column":11},"end":{"line":2,"column":31}},"1":{"start":{"line":3,"column":13},"end":{"line":9,"column":4}},"2":{"start":{"line":6,"column":12},"end":{"line":6,"column":46}},"3":{"start":{"line":7,"column":4},"end":{"line":7,"column":29}},"4":{"start":{"line":8,"column":4},"end":{"line":8,"column":57}},"5":{"start":{"line":10,"column":2},"end":{"line":10,"column":14}}},"fnMap":{"0":{"name":"generateUUID","decl":{"start":{"line":1,"column":24},"end":{"line":1,"column":36}},"loc":{"start":{"line":1,"column":39},"end":{"line":11,"column":1}},"line":1},"1":{"name":"(anonymous_1)","decl":{"start":{"line":3,"column":69},"end":{"line":3,"column":70}},"loc":{"start":{"line":5,"column":4},"end":{"line":9,"column":3}},"line":5}},"branchMap":{"0":{"loc":{"start":{"line":8,"column":12},"end":{"line":8,"column":42}},"type":"cond-expr","locations":[{"start":{"line":8,"column":23},"end":{"line":8,"column":24}},{"start":{"line":8,"column":27},"end":{"line":8,"column":42}}],"line":8}},"s":{"0":59,"1":59,"2":1829,"3":1829,"4":1829,"5":59},"f":{"0":59,"1":1829},"b":{"0":[1770,59]},"_coverageSchema":"332fd63041d2c1bcb487cc26dd0d5f7d97098a6c","hash":"f9bad08e3cdb9694169e653adb0ed4b0a9667a2a"}
}
