TN:
SF:/Users/donguofa/projects/mock-amplitude-sdk/src/index.js
FNF:0
FNH:0
LF:0
LH:0
BRF:0
BRH:0
end_of_record
TN:
SF:/Users/donguofa/projects/mock-amplitude-sdk/src/setupTests.js
FN:1,(anonymous_0)
FN:5,(anonymous_1)
FN:8,(anonymous_2)
FN:11,(anonymous_3)
FNF:4
FNH:4
FNDA:1,(anonymous_0)
FNDA:5,(anonymous_1)
FNDA:53,(anonymous_2)
FNDA:2,(anonymous_3)
DA:1,1
DA:2,1
DA:4,1
DA:6,5
DA:9,53
DA:12,2
DA:17,1
LF:7
LH:7
BRDA:6,0,0,5
BRDA:6,0,1,3
BRF:2
BRH:2
end_of_record
TN:
SF:/Users/donguofa/projects/mock-amplitude-sdk/src/api/AmplitudeAPI.js
FN:16,(anonymous_0)
FN:19,(anonymous_1)
FN:23,(anonymous_2)
FN:27,(anonymous_3)
FN:31,(anonymous_4)
FN:56,(anonymous_5)
FN:57,WrapperComponent
FN:60,(anonymous_7)
FNF:8
FNH:7
FNDA:69,(anonymous_0)
FNDA:3,(anonymous_1)
FNDA:52,(anonymous_2)
FNDA:72,(anonymous_3)
FNDA:0,(anonymous_4)
FNDA:1,(anonymous_5)
FNDA:5,WrapperComponent
FNDA:69,(anonymous_7)
DA:8,1
DA:16,1
DA:17,69
DA:19,69
DA:20,3
DA:23,69
DA:24,52
DA:27,69
DA:28,72
DA:31,69
DA:32,0
DA:35,69
DA:56,1
DA:57,1
DA:58,5
DA:60,69
LF:16
LH:15
BRF:0
BRH:0
end_of_record
TN:
SF:/Users/donguofa/projects/mock-amplitude-sdk/src/hooks/useAmplitudeSDK.js
FN:18,(anonymous_0)
FN:23,(anonymous_1)
FN:24,(anonymous_2)
FN:41,(anonymous_3)
FN:52,(anonymous_4)
FN:64,(anonymous_5)
FN:81,(anonymous_6)
FN:87,(anonymous_7)
FN:99,(anonymous_8)
FN:109,(anonymous_9)
FN:118,(anonymous_10)
FN:120,(anonymous_11)
FN:134,(anonymous_12)
FN:138,(anonymous_13)
FN:166,(anonymous_14)
FNF:15
FNH:15
FNDA:69,(anonymous_0)
FNDA:5,(anonymous_1)
FNDA:1,(anonymous_2)
FNDA:5,(anonymous_3)
FNDA:8,(anonymous_4)
FNDA:9,(anonymous_5)
FNDA:61,(anonymous_6)
FNDA:3,(anonymous_7)
FNDA:52,(anonymous_8)
FNDA:1,(anonymous_9)
FNDA:2,(anonymous_10)
FNDA:4,(anonymous_11)
FNDA:2,(anonymous_12)
FNDA:2,(anonymous_13)
FNDA:3,(anonymous_14)
DA:4,1
DA:5,1
DA:18,1
DA:23,69
DA:24,5
DA:25,1
DA:32,69
DA:33,69
DA:34,69
DA:35,69
DA:41,69
DA:42,5
DA:43,5
DA:44,2
DA:52,69
DA:53,8
DA:54,3
DA:56,5
DA:64,69
DA:65,9
DA:66,2
DA:67,2
DA:68,2
DA:69,2
DA:72,2
DA:73,2
DA:81,69
DA:82,61
DA:83,1
DA:87,69
DA:88,3
DA:89,3
DA:99,69
DA:100,52
DA:101,52
DA:102,52
DA:103,52
DA:109,69
DA:110,1
DA:118,69
DA:119,2
DA:120,2
DA:121,4
DA:125,2
DA:134,69
DA:135,2
DA:137,2
DA:138,1
DA:139,2
DA:140,2
DA:143,1
DA:144,1
DA:146,1
DA:147,1
DA:149,1
DA:155,1
DA:156,1
DA:158,2
DA:166,69
DA:167,3
DA:169,69
LF:61
LH:61
BRDA:43,0,0,2
BRDA:43,0,1,3
BRDA:53,1,0,3
BRDA:53,1,1,5
BRDA:65,2,0,2
BRDA:65,2,1,7
BRDA:65,3,0,9
BRDA:65,3,1,2
BRDA:82,4,0,1
BRDA:82,4,1,60
BRDA:88,5,0,3
BRDA:88,5,1,0
BRDA:137,6,0,1
BRDA:137,6,1,1
BRF:14
BRH:13
end_of_record
TN:
SF:/Users/donguofa/projects/mock-amplitude-sdk/src/hooks/events/Event.js
FN:5,(anonymous_0)
FN:11,(anonymous_1)
FN:15,(anonymous_2)
FN:19,(anonymous_3)
FN:23,(anonymous_4)
FN:27,(anonymous_5)
FNF:6
FNH:6
FNDA:56,(anonymous_0)
FNDA:1340,(anonymous_1)
FNDA:1340,(anonymous_2)
FNDA:1340,(anonymous_3)
FNDA:1340,(anonymous_4)
FNDA:1340,(anonymous_5)
DA:6,56
DA:7,56
DA:8,56
DA:12,1340
DA:16,1340
DA:20,1340
DA:24,1340
DA:28,1340
LF:8
LH:8
BRDA:20,0,0,2
BRDA:20,0,1,1338
BRDA:24,1,0,2
BRDA:24,1,1,1338
BRF:4
BRH:4
end_of_record
TN:
SF:/Users/donguofa/projects/mock-amplitude-sdk/src/tests/TestComponent.js
FN:9,(anonymous_0)
FN:20,(anonymous_1)
FN:24,(anonymous_2)
FN:28,(anonymous_3)
FN:32,(anonymous_4)
FN:63,(anonymous_5)
FNF:6
FNH:6
FNDA:72,(anonymous_0)
FNDA:3,(anonymous_1)
FNDA:1,(anonymous_2)
FNDA:51,(anonymous_3)
FNDA:3,(anonymous_4)
FNDA:1340,(anonymous_5)
DA:9,1
DA:15,72
DA:16,72
DA:18,72
DA:20,72
DA:21,3
DA:24,72
DA:25,1
DA:28,72
DA:29,51
DA:32,72
DA:33,3
DA:34,3
DA:37,72
DA:64,1340
DA:65,1340
LF:16
LH:16
BRDA:47,0,0,62
BRDA:47,0,1,10
BRF:2
BRH:2
end_of_record
TN:
SF:/Users/donguofa/projects/mock-amplitude-sdk/src/utils/generateUUID.js
FN:1,generateUUID
FN:3,(anonymous_1)
FNF:2
FNH:2
FNDA:59,generateUUID
FNDA:1829,(anonymous_1)
DA:2,59
DA:3,59
DA:6,1829
DA:7,1829
DA:8,1829
DA:10,59
LF:6
LH:6
BRDA:8,0,0,1770
BRDA:8,0,1,59
BRF:2
BRH:2
end_of_record
